#
# A fatal error has been detected by the Java Runtime Environment:
#
#  Internal Error (javaClasses.cpp:136), pid=14556, tid=11316
#  fatal error: Invalid layout of preloaded class
#
# JRE version:  (7.0_51-b13) (build )
# Java VM: Java HotSpot(TM) 64-Bit Server VM (24.51-b03 mixed mode windows-amd64 compressed oops)
# Failed to write core dump. Minidumps are not enabled by default on client versions of Windows
#
# If you would like to submit a bug report, please visit:
#   http://bugreport.sun.com/bugreport/crash.jsp
#

---------------  T H R E A D  ---------------

Current thread (0x000000000212e000):  JavaThread "Unknown thread" [_thread_in_vm, id=11316, stack(0x0000000002380000,0x0000000002480000)]

Stack: [0x0000000002380000,0x0000000002480000]

---------------  P R O C E S S  ---------------

Java Threads: ( => current thread )

Other Threads:

=>0x000000000212e000 (exited) JavaThread "Unknown thread" [_thread_in_vm, id=11316, stack(0x0000000002380000,0x0000000002480000)]

VM state:not at safepoint (not fully initialized)

VM Mutex/Monitor currently owned by a thread: None

GC Heap History (0 events):
No events

Deoptimization events (0 events):
No events

Internal exceptions (0 events):
No events

Events (10 events):
Event: 0.009 loading class 0x0000000002021520 done
Event: 0.009 loading class 0x0000000002020f40 done
Event: 0.009 loading class 0x0000000002020f20
Event: 0.010 loading class 0x0000000002029020
Event: 0.010 loading class 0x0000000002029020 done
Event: 0.010 loading class 0x0000000002029050
Event: 0.010 loading class 0x0000000002029050 done
Event: 0.010 loading class 0x0000000002029080
Event: 0.010 loading class 0x0000000002029080 done
Event: 0.010 loading class 0x0000000002020f20 done


Dynamic libraries:
0x000000013f890000 - 0x000000013f8c3000 	C:\Program Files\Java\jre7\bin\javaw.exe
0x0000000077100000 - 0x00000000772a9000 	C:\Windows\SYSTEM32\ntdll.dll
0x0000000076ee0000 - 0x0000000076fff000 	C:\Windows\system32\kernel32.dll
0x000007fefd1a0000 - 0x000007fefd20b000 	C:\Windows\system32\KERNELBASE.dll
0x000007feff2b0000 - 0x000007feff38b000 	C:\Windows\system32\ADVAPI32.dll
0x000007fefd360000 - 0x000007fefd3ff000 	C:\Windows\system32\msvcrt.dll
0x000007fefda90000 - 0x000007fefdaaf000 	C:\Windows\SYSTEM32\sechost.dll
0x000007fefdb50000 - 0x000007fefdc7d000 	C:\Windows\system32\RPCRT4.dll
0x0000000077000000 - 0x00000000770fa000 	C:\Windows\system32\USER32.dll
0x000007fefd2f0000 - 0x000007fefd357000 	C:\Windows\system32\GDI32.dll
0x000007fefda80000 - 0x000007fefda8e000 	C:\Windows\system32\LPK.dll
0x000007fefd8a0000 - 0x000007fefd969000 	C:\Windows\system32\USP10.dll
0x000007fefaa20000 - 0x000007fefac14000 	C:\Windows\WinSxS\amd64_microsoft.windows.common-controls_6595b64144ccf1df_6.0.7601.17514_none_fa396087175ac9ac\COMCTL32.dll
0x000007fefdab0000 - 0x000007fefdb21000 	C:\Windows\system32\SHLWAPI.dll
0x000007feff390000 - 0x000007feff3be000 	C:\Windows\system32\IMM32.DLL
0x000007fefd970000 - 0x000007fefda79000 	C:\Windows\system32\MSCTF.dll
0x000000005b090000 - 0x000000005b162000 	C:\Program Files\Java\jre7\bin\msvcr100.dll
0x0000000055f10000 - 0x00000000566d9000 	C:\Program Files\Java\jre7\bin\server\jvm.dll
0x000007fef99d0000 - 0x000007fef99d9000 	C:\Windows\system32\WSOCK32.dll
0x000007feff3c0000 - 0x000007feff40d000 	C:\Windows\system32\WS2_32.dll
0x000007fefd400000 - 0x000007fefd408000 	C:\Windows\system32\NSI.dll
0x000007fefb9a0000 - 0x000007fefb9db000 	C:\Windows\system32\WINMM.dll
0x00000000772c0000 - 0x00000000772c7000 	C:\Windows\system32\PSAPI.DLL
0x000000006f940000 - 0x000000006f94f000 	C:\Program Files\Java\jre7\bin\verify.dll
0x0000000061fa0000 - 0x0000000061fc8000 	C:\Program Files\Java\jre7\bin\java.dll
0x000000006f860000 - 0x000000006f875000 	C:\Program Files\Java\jre7\bin\zip.dll

VM Arguments:
jvm_args: -Dfile.encoding=Cp1252 -Xbootclasspath:C:\Users\BP\Documents\eclipse\Android\platforms\android-19\android.jar;C:\Users\BP\Documents\eclipse\Android\add-ons\addon-google_apis_x86-google-19\libs\effects.jar;C:\Users\BP\Documents\eclipse\Android\add-ons\addon-google_apis_x86-google-19\libs\usb.jar;C:\Users\BP\Documents\eclipse\Android\add-ons\addon-google_apis_x86-google-19\libs\maps.jar 
java_command: Player
Launcher Type: SUN_STANDARD

Environment Variables:
PATH=C:\Program Files (x86)\Intel\iCLS Client\;C:\Program Files\Intel\iCLS Client\;C:\Windows\system32;C:\Windows;C:\Windows\System32\Wbem;C:\Windows\System32\WindowsPowerShell\v1.0\;C:\Program Files\Intel\Intel(R) Management Engine Components\DAL;C:\Program Files\Intel\Intel(R) Management Engine Components\IPT;C:\Program Files (x86)\Intel\Intel(R) Management Engine Components\DAL;C:\Program Files (x86)\Intel\Intel(R) Management Engine Components\IPT;C:\Program Files (x86)\Intel\OpenCL SDK\2.0\bin\x86;C:\Program Files (x86)\Intel\OpenCL SDK\2.0\bin\x64
USERNAME=BP
OS=Windows_NT
PROCESSOR_IDENTIFIER=Intel64 Family 6 Model 58 Stepping 9, GenuineIntel



---------------  S Y S T E M  ---------------

OS: Windows 7 , 64 bit Build 7601 Service Pack 1

CPU:total 4 (2 cores per cpu, 2 threads per core) family 6 model 58 stepping 9, cmov, cx8, fxsr, mmx, sse, sse2, sse3, ssse3, sse4.1, sse4.2, popcnt, avx, aes, erms, ht, tsc, tscinvbit, tscinv

Memory: 4k page, physical 4070964k(353428k free), swap 8140064k(3074056k free)

vm_info: Java HotSpot(TM) 64-Bit Server VM (24.51-b03) for windows-amd64 JRE (1.7.0_51-b13), built on Dec 18 2013 18:40:56 by "java_re" with unknown MS VC++:1600

time: Tue Apr 15 10:47:09 2014
elapsed time: 0 seconds

