#
# A fatal error has been detected by the Java Runtime Environment:
#
#  Internal Error (javaClasses.cpp:129), pid=20276, tid=15092
#  fatal error: Invalid layout of preloaded class
#
# JRE version: 7.0_25-b17
# Java VM: Java HotSpot(TM) Client VM (23.25-b01 mixed mode windows-x86 )
# Failed to write core dump. Minidumps are not enabled by default on client versions of Windows
#
# If you would like to submit a bug report, please visit:
#   http://bugreport.sun.com/bugreport/crash.jsp
#

---------------  T H R E A D  ---------------

Current thread (0x0285b800):  JavaThread "Unknown thread" [_thread_in_vm, id=15092, stack(0x00bc0000,0x00c10000)]

Stack: [0x00bc0000,0x00c10000],  sp=0x00c0f8e4,  free space=318k
Native frames: (J=compiled Java code, j=interpreted, Vv=VM code, C=native code)
V  [jvm.dll+0x167e31]
V  [jvm.dll+0x1620f6]
V  [jvm.dll+0x1f92f]
V  [jvm.dll+0x1f9b6]
V  [jvm.dll+0x2cffd]
V  [jvm.dll+0x2d2a9]
V  [jvm.dll+0x75351]
V  [jvm.dll+0x7570b]
V  [jvm.dll+0x123881]
V  [jvm.dll+0x1439cc]
V  [jvm.dll+0xa619f]
C  [javaw.exe+0x13ca]
C  [javaw.exe+0x1e3c]
C  [javaw.exe+0xa5b1]
C  [javaw.exe+0xa63b]
C  [KERNEL32.DLL+0x2850d]  BaseThreadInitThunk+0xe
C  [ntdll.dll+0x5bf39]  RtlInitializeExceptionChain+0x85
C  [ntdll.dll+0x5bf0c]  RtlInitializeExceptionChain+0x58


---------------  P R O C E S S  ---------------

Java Threads: ( => current thread )

Other Threads:

=>0x0285b800 (exited) JavaThread "Unknown thread" [_thread_in_vm, id=15092, stack(0x00bc0000,0x00c10000)]

VM state:not at safepoint (not fully initialized)

VM Mutex/Monitor currently owned by a thread: None

GC Heap History (0 events):
No events

Deoptimization events (0 events):
No events

Internal exceptions (0 events):
No events

Events (10 events):
Event: 0.655 loading class 0x011256f0 done
Event: 0.655 loading class 0x01106908 done
Event: 0.655 loading class 0x01106b38
Event: 0.655 loading class 0x0112c040
Event: 0.670 loading class 0x0112c040 done
Event: 0.670 loading class 0x0112c0b0
Event: 0.688 loading class 0x0112c0b0 done
Event: 0.688 loading class 0x01176a68
Event: 0.688 loading class 0x01176a68 done
Event: 0.688 loading class 0x01106b38 done


Dynamic libraries:
0x01270000 - 0x0129f000 	C:\Program Files (x86)\Java\jdk1.7.0_25\bin\javaw.exe
0x77ad0000 - 0x77c27000 	C:\Windows\SYSTEM32\ntdll.dll
0x75560000 - 0x75690000 	C:\Windows\SYSTEM32\KERNEL32.DLL
0x75440000 - 0x754e6000 	C:\Windows\SYSTEM32\KERNELBASE.dll
0x57c90000 - 0x57cdc000 	C:\ProgramData\Norton\{0C55C096-0F1D-4F28-AAA2-85EF591126E7}\NIS_20.0.0.136\Definitions\BASHDefs\20130715.001\UMEngx86.dll
0x77490000 - 0x7753e000 	C:\Windows\SYSTEM32\ADVAPI32.dll
0x75870000 - 0x75986000 	C:\Windows\SYSTEM32\USER32.dll
0x700d0000 - 0x702c8000 	C:\Windows\WinSxS\x86_microsoft.windows.common-controls_6595b64144ccf1df_6.0.9200.16579_none_8937eec6860750f5\COMCTL32.dll
0x760c0000 - 0x76171000 	C:\Windows\SYSTEM32\msvcrt.dll
0x77540000 - 0x77574000 	C:\Windows\SYSTEM32\sechost.dll
0x75370000 - 0x7541c000 	C:\Windows\SYSTEM32\RPCRT4.dll
0x77260000 - 0x7735d000 	C:\Windows\SYSTEM32\GDI32.dll
0x75100000 - 0x7511c000 	C:\Windows\SYSTEM32\SspiCli.dll
0x750f0000 - 0x750f9000 	C:\Windows\SYSTEM32\CRYPTBASE.dll
0x75090000 - 0x750e1000 	C:\Windows\SYSTEM32\bcryptPrimitives.dll
0x75800000 - 0x75820000 	C:\Windows\system32\IMM32.DLL
0x75fe0000 - 0x760be000 	C:\Windows\SYSTEM32\MSCTF.dll
0x78a00000 - 0x78abe000 	C:\Program Files (x86)\Java\jdk1.7.0_25\jre\bin\msvcr100.dll
0x63330000 - 0x63672000 	C:\Program Files (x86)\Java\jdk1.7.0_25\jre\bin\client\jvm.dll
0x70400000 - 0x70408000 	C:\Windows\SYSTEM32\WSOCK32.dll
0x72470000 - 0x72491000 	C:\Windows\SYSTEM32\WINMM.dll
0x75120000 - 0x75126000 	C:\Windows\SYSTEM32\PSAPI.DLL
0x75820000 - 0x75870000 	C:\Windows\SYSTEM32\WS2_32.dll
0x70410000 - 0x7043b000 	C:\Windows\SYSTEM32\WINMMBASE.dll
0x778c0000 - 0x778c8000 	C:\Windows\SYSTEM32\NSI.dll
0x754f0000 - 0x75536000 	C:\Windows\SYSTEM32\cfgmgr32.dll
0x751c0000 - 0x751de000 	C:\Windows\SYSTEM32\DEVOBJ.dll
0x64b90000 - 0x64b9c000 	C:\Program Files (x86)\Java\jdk1.7.0_25\jre\bin\verify.dll
0x64830000 - 0x64850000 	C:\Program Files (x86)\Java\jdk1.7.0_25\jre\bin\java.dll
0x64730000 - 0x64743000 	C:\Program Files (x86)\Java\jdk1.7.0_25\jre\bin\zip.dll
0x6cd20000 - 0x6ce49000 	C:\Windows\SYSTEM32\dbghelp.dll

VM Arguments:
jvm_args: -Dfile.encoding=Cp1252 -Xbootclasspath:C:\Program Files (x86)\adt-bundle-windows-x86-20131030\sdk\platforms\android-19\android.jar;C:\Program Files (x86)\adt-bundle-windows-x86-20131030\sdk\add-ons\addon-google_apis_x86-google-19\libs\effects.jar;C:\Program Files (x86)\adt-bundle-windows-x86-20131030\sdk\add-ons\addon-google_apis_x86-google-19\libs\usb.jar;C:\Program Files (x86)\adt-bundle-windows-x86-20131030\sdk\add-ons\addon-google_apis_x86-google-19\libs\maps.jar 
java_command: edu.cs2110.ghost.Player
Launcher Type: SUN_STANDARD

Environment Variables:
CLASSPATH=C:\MinGW\bin
PATH=C:/Program Files (x86)/Java/jdk1.7.0_25/bin/../jre/bin/client;C:/Program Files (x86)/Java/jdk1.7.0_25/bin/../jre/bin;C:/Program Files (x86)/Java/jdk1.7.0_25/bin/../jre/lib/i386;C:\Program Files (x86)\Java\jdk1.7.0_25\bin;C:\Program Files (x86)\Intel\iCLS Client\;C:\Program Files\Intel\iCLS Client\;C:\Windows\system32;C:\Windows;C:\Windows\System32\Wbem;C:\Windows\System32\WindowsPowerShell\v1.0\;C:\Program Files (x86)\Windows Live\Shared;C:\Program Files (x86)\Intel\OpenCL SDK\2.0\bin\x86;C:\Program Files (x86)\Intel\OpenCL SDK\2.0\bin\x64;C:\Program Files\Intel\Intel(R) Management Engine Components\DAL;C:\Program Files\Intel\Intel(R) Management Engine Components\IPT;C:\Program Files (x86)\Intel\Intel(R) Management Engine Components\DAL;C:\Program Files (x86)\Intel\Intel(R) Management Engine Components\IPT;C:\Program Files (x86)\Microsoft SQL Server\100\Tools\Binn\;C:\Program Files (x86)\Microsoft SQL Server\100\DTS\Binn\;C:\Program Files (x86)\MiKTeX 2.9\miktex\bin\;C:\MinGW\bin;C:\MinGW\libexec\mingw-get;C:\Program Files (x86)\SimpleIDE\propeller-gcc\bin;C:\adt-bundle-windows-x86-20131030\sdk\platform-tools;C:\Python33;C:\Python33\Scripts\;C:\Program Files (x86)\adt-bundle-windows-x86-20131030\sdk\platform-tools;C:\Program Files (x86)\adt-bundle-windows-x86-20131030\eclipse;
USERNAME=n3
OS=Windows_NT
PROCESSOR_IDENTIFIER=Intel64 Family 6 Model 58 Stepping 9, GenuineIntel



---------------  S Y S T E M  ---------------

OS: Windows 8 , 64 bit Build 9200 

CPU:total 4 (2 cores per cpu, 2 threads per core) family 6 model 58 stepping 9, cmov, cx8, fxsr, mmx, sse, sse2, sse3, ssse3, sse4.1, sse4.2, popcnt, avx, ht, tsc, tscinvbit, tscinv

Memory: 4k page, physical 6182868k(1375020k free), swap 10331780k(3362624k free)

vm_info: Java HotSpot(TM) Client VM (23.25-b01) for windows-x86 JRE (1.7.0_25-b17), built on Jun 21 2013 13:06:48 by "java_re" with unknown MS VC++:1600

time: Mon Apr 14 11:26:44 2014
elapsed time: 1 seconds

